<?xml version="1.0" encoding="UTF-8"?>
<!-- Generated by org.testng.reporters.JUnitReportReporter -->
<testsuite hostname="prasads-MacBook-Air.local" failures="0" tests="2" name="com.orangeHRMPages.LoginTest" time="7.236" errors="0" timestamp="2023-09-11T16:02:56 BST" skipped="0">
  <testcase classname="com.orangeHRMPages.LoginTest" name="testLogo" time="3.800"/>
  <system-out/>
  <testcase classname="com.orangeHRMPages.LoginTest" name="verifyValidCredentials" time="3.436"/>
  <system-out/>
</testsuite> <!-- com.orangeHRMPages.LoginTest -->
